<?xml version="1.0" encoding="UTF-8"?>
<!-- Generated by org.testng.reporters.JUnitReportReporter -->
<testsuite hostname="Shrikanth" failures="0" tests="10" name="cucmberOptions.TestNGtestRunner" time="24.521" errors="0" timestamp="2021-07-23T09:02:11 IST" skipped="0">
  <testcase classname="cucmberOptions.TestNGtestRunner" name="runScenario" time="0.004"/>
  <system-out/>
  <testcase classname="cucmberOptions.TestNGtestRunner" name="runScenario" time="8.250"/>
  <system-out/>
  <testcase classname="cucmberOptions.TestNGtestRunner" name="runScenario" time="0.003"/>
  <system-out/>
  <testcase classname="cucmberOptions.TestNGtestRunner" name="runScenario" time="0.003"/>
  <system-out/>
  <testcase classname="cucmberOptions.TestNGtestRunner" name="runScenario" time="0.009"/>
  <system-out/>
  <testcase classname="cucmberOptions.TestNGtestRunner" name="runScenario" time="7.216"/>
  <system-out/>
  <testcase classname="cucmberOptions.TestNGtestRunner" name="runScenario" time="0.007"/>
  <system-out/>
  <testcase classname="cucmberOptions.TestNGtestRunner" name="runScenario" time="0.005"/>
  <system-out/>
  <testcase classname="cucmberOptions.TestNGtestRunner" name="runScenario" time="8.660"/>
  <system-out/>
  <testcase classname="cucmberOptions.TestNGtestRunner" name="runScenario" time="0.364"/>
  <system-out/>
</testsuite> <!-- cucmberOptions.TestNGtestRunner -->
