<?xml version="1.0" encoding="UTF-8"?>
<!-- Generated by org.testng.reporters.JUnitReportReporter -->
<testsuite hostname="Shrikanth" failures="0" tests="1" name="cucumber.AppTest" time="0.005" errors="0" timestamp="2021-07-23T09:02:11 IST" skipped="0">
  <testcase classname="cucumber.AppTest" name="shouldAnswerWithTrue" time="0.005"/>
  <system-out/>
</testsuite> <!-- cucumber.AppTest -->
