<?xml version="1.0" encoding="UTF-8"?>
<!-- Generated by org.testng.reporters.JUnitReportReporter -->
<testsuite hostname="Shrikanth" failures="0" tests="1" name="cucmberOptions.TestNGtestRunner" time="0.098" errors="0" timestamp="2021-07-16T08:23:44 IST" skipped="0">
  <testcase classname="cucmberOptions.TestNGtestRunner" name="runScenario" time="0.098"/>
  <system-out/>
</testsuite> <!-- cucmberOptions.TestNGtestRunner -->
